\BOOKMARK [1][-]{section.1}{Huffman Statique}{}% 1
\BOOKMARK [2][-]{subsection.1.1}{Fonctionnement}{section.1}% 2
\BOOKMARK [3][-]{subsubsection.1.1.1}{Compression}{subsection.1.1}% 3
\BOOKMARK [3][-]{subsubsection.1.1.2}{D\351compression}{subsection.1.1}% 4
\BOOKMARK [2][-]{subsection.1.2}{Structure de donn\351es utilis\351e}{section.1}% 5
\BOOKMARK [2][-]{subsection.1.3}{Optimisation}{section.1}% 6
\BOOKMARK [2][-]{subsection.1.4}{Exemple}{section.1}% 7
\BOOKMARK [2][-]{subsection.1.5}{Sp\351cification}{section.1}% 8
\BOOKMARK [1][-]{section.2}{Huffman Dynamique}{}% 9
\BOOKMARK [2][-]{subsection.2.1}{Fonctionnement}{section.2}% 10
\BOOKMARK [3][-]{subsubsection.2.1.1}{Manipulation de l'arbre}{subsection.2.1}% 11
\BOOKMARK [3][-]{subsubsection.2.1.2}{Compression}{subsection.2.1}% 12
\BOOKMARK [3][-]{subsubsection.2.1.3}{D\351compression}{subsection.2.1}% 13
\BOOKMARK [2][-]{subsection.2.2}{Structures de donn\351es utilis\351es}{section.2}% 14
\BOOKMARK [2][-]{subsection.2.3}{Optimisation}{section.2}% 15
\BOOKMARK [2][-]{subsection.2.4}{Exemple}{section.2}% 16
\BOOKMARK [2][-]{subsection.2.5}{Sp\351cification}{section.2}% 17
\BOOKMARK [1][-]{section.3}{Pseudo-code}{}% 18
\BOOKMARK [2][-]{subsection.3.1}{Huffman Statique Compression}{section.3}% 19
\BOOKMARK [2][-]{subsection.3.2}{Huffman Statique D\351compression}{section.3}% 20
\BOOKMARK [2][-]{subsection.3.3}{Huffman Dynamique Compression}{section.3}% 21
\BOOKMARK [2][-]{subsection.3.4}{Huffman Dynamique D\351compression}{section.3}% 22
\BOOKMARK [1][-]{section.4}{Performances}{}% 23
\BOOKMARK [2][-]{subsection.4.1}{Fichiers texte}{section.4}% 24
\BOOKMARK [2][-]{subsection.4.2}{Fichiers image}{section.4}% 25
\BOOKMARK [2][-]{subsection.4.3}{Fichiers audio}{section.4}% 26
\BOOKMARK [2][-]{subsection.4.4}{Comparaison des taux de compression}{section.4}% 27
\BOOKMARK [1][-]{section.5}{Liste des outils utilis\351s}{}% 28
