This is pdfTeX, Version 3.14159265-2.6-1.40.16 (TeX Live 2015/Debian) (preloaded format=pdflatex 2018.5.23)  3 JUN 2018 00:36
entering extended mode
 restricted \write18 enabled.
 %&-line parsing enabled.
**"Rapport Compression.tex"
(./Rapport Compression.tex
LaTeX2e <2016/02/01>
Babel <3.9q> and hyphenation patterns for 7 language(s) loaded.
(/usr/share/texlive/texmf-dist/tex/latex/base/article.cls
Document Class: article 2014/09/29 v1.4h Standard LaTeX document class
(/usr/share/texlive/texmf-dist/tex/latex/base/size10.clo
File: size10.clo 2014/09/29 v1.4h Standard LaTeX file (size option)
)
\c@part=\count79
\c@section=\count80
\c@subsection=\count81
\c@subsubsection=\count82
\c@paragraph=\count83
\c@subparagraph=\count84
\c@figure=\count85
\c@table=\count86
\abovecaptionskip=\skip41
\belowcaptionskip=\skip42
\bibindent=\dimen102
)
(/usr/share/texlive/texmf-dist/tex/latex/amsmath/amsmath.sty
Package: amsmath 2016/03/03 v2.15a AMS math features
\@mathmargin=\skip43

For additional information on amsmath, use the `?' option.
(/usr/share/texlive/texmf-dist/tex/latex/amsmath/amstext.sty
Package: amstext 2000/06/29 v2.01 AMS text

(/usr/share/texlive/texmf-dist/tex/latex/amsmath/amsgen.sty
File: amsgen.sty 1999/11/30 v2.0 generic functions
\@emptytoks=\toks14
\ex@=\dimen103
))
(/usr/share/texlive/texmf-dist/tex/latex/amsmath/amsbsy.sty
Package: amsbsy 1999/11/29 v1.2d Bold Symbols
\pmbraise@=\dimen104
)
(/usr/share/texlive/texmf-dist/tex/latex/amsmath/amsopn.sty
Package: amsopn 1999/12/14 v2.01 operator names
)
\inf@bad=\count87
LaTeX Info: Redefining \frac on input line 199.
\uproot@=\count88
\leftroot@=\count89
LaTeX Info: Redefining \overline on input line 297.
\classnum@=\count90
\DOTSCASE@=\count91
LaTeX Info: Redefining \ldots on input line 394.
LaTeX Info: Redefining \dots on input line 397.
LaTeX Info: Redefining \cdots on input line 518.
\Mathstrutbox@=\box26
\strutbox@=\box27
\big@size=\dimen105
LaTeX Font Info:    Redeclaring font encoding OML on input line 630.
LaTeX Font Info:    Redeclaring font encoding OMS on input line 631.
\macc@depth=\count92
\c@MaxMatrixCols=\count93
\dotsspace@=\muskip10
\c@parentequation=\count94
\dspbrk@lvl=\count95
\tag@help=\toks15
\row@=\count96
\column@=\count97
\maxfields@=\count98
\andhelp@=\toks16
\eqnshift@=\dimen106
\alignsep@=\dimen107
\tagshift@=\dimen108
\tagwidth@=\dimen109
\totwidth@=\dimen110
\lineht@=\dimen111
\@envbody=\toks17
\multlinegap=\skip44
\multlinetaggap=\skip45
\mathdisplay@stack=\toks18
LaTeX Info: Redefining \[ on input line 2735.
LaTeX Info: Redefining \] on input line 2736.
)
(/usr/share/texlive/texmf-dist/tex/latex/amsfonts/amssymb.sty
Package: amssymb 2013/01/14 v3.01 AMS font symbols

(/usr/share/texlive/texmf-dist/tex/latex/amsfonts/amsfonts.sty
Package: amsfonts 2013/01/14 v3.01 Basic AMSFonts support
\symAMSa=\mathgroup4
\symAMSb=\mathgroup5
LaTeX Font Info:    Overwriting math alphabet `\mathfrak' in version `bold'
(Font)                  U/euf/m/n --> U/euf/b/n on input line 106.
))
(/usr/share/texlive/texmf-dist/tex/latex/mathtools/mathtools.sty
Package: mathtools 2015/11/12 v1.18 mathematical typesetting tools

(/usr/share/texlive/texmf-dist/tex/latex/graphics/keyval.sty
Package: keyval 2014/10/28 v1.15 key=value parser (DPC)
\KV@toks@=\toks19
)
(/usr/share/texlive/texmf-dist/tex/latex/tools/calc.sty
Package: calc 2014/10/28 v4.3 Infix arithmetic (KKT,FJ)
\calc@Acount=\count99
\calc@Bcount=\count100
\calc@Adimen=\dimen112
\calc@Bdimen=\dimen113
\calc@Askip=\skip46
\calc@Bskip=\skip47
LaTeX Info: Redefining \setlength on input line 80.
LaTeX Info: Redefining \addtolength on input line 81.
\calc@Ccount=\count101
\calc@Cskip=\skip48
)
(/usr/share/texlive/texmf-dist/tex/latex/mathtools/mhsetup.sty
Package: mhsetup 2010/01/21 v1.2a programming setup (MH)
)
LaTeX Info: Thecontrolsequence`\('isalreadyrobust on input line 129.
LaTeX Info: Thecontrolsequence`\)'isalreadyrobust on input line 129.
LaTeX Info: Thecontrolsequence`\['isalreadyrobust on input line 129.
LaTeX Info: Thecontrolsequence`\]'isalreadyrobust on input line 129.
\g_MT_multlinerow_int=\count102
\l_MT_multwidth_dim=\dimen114
\origjot=\skip49
\l_MT_shortvdotswithinadjustabove_dim=\dimen115
\l_MT_shortvdotswithinadjustbelow_dim=\dimen116
\l_MT_above_intertext_sep=\dimen117
\l_MT_below_intertext_sep=\dimen118
\l_MT_above_shortintertext_sep=\dimen119
\l_MT_below_shortintertext_sep=\dimen120
)
(/usr/share/texlive/texmf-dist/tex/latex/tools/bm.sty
Package: bm 2014/10/28 v1.1c Bold Symbol Support (DPC/FMi)
\symboldoperators=\mathgroup6
\symboldletters=\mathgroup7
\symboldsymbols=\mathgroup8
LaTeX Font Info:    Redeclaring math alphabet \mathbf on input line 141.
LaTeX Info: Redefining \bm on input line 207.
)
(/usr/share/texlive/texmf-dist/tex/latex/algorithms/algorithm.sty
Package: algorithm 2009/08/24 v0.1 Document Style `algorithm' - floating enviro
nment

(/usr/share/texlive/texmf-dist/tex/latex/float/float.sty
Package: float 2001/11/08 v1.3d Float enhancements (AL)
\c@float@type=\count103
\float@exts=\toks20
\float@box=\box28
\@float@everytoks=\toks21
\@floatcapt=\box29
)
(/usr/share/texlive/texmf-dist/tex/latex/base/ifthen.sty
Package: ifthen 2014/09/29 v1.1c Standard LaTeX ifthen package (DPC)
)
\@float@every@algorithm=\toks22
\c@algorithm=\count104
)
(/usr/share/texlive/texmf-dist/tex/latex/algorithms/algorithmic.sty
Package: algorithmic 2009/08/24 v0.1 Document Style `algorithmic'
\c@ALC@unique=\count105
\c@ALC@line=\count106
\c@ALC@rem=\count107
\c@ALC@depth=\count108
\ALC@tlm=\skip50
\algorithmicindent=\skip51
)
(/usr/share/texlive/texmf-dist/tex/latex/xcolor/xcolor.sty
Package: xcolor 2007/01/21 v2.11 LaTeX color extensions (UK)

(/usr/share/texlive/texmf-dist/tex/latex/latexconfig/color.cfg
File: color.cfg 2007/01/18 v1.5 color configuration of teTeX/TeXLive
)
Package xcolor Info: Driver file: pdftex.def on input line 225.

(/usr/share/texlive/texmf-dist/tex/latex/pdftex-def/pdftex.def
File: pdftex.def 2011/05/27 v0.06d Graphics/color for pdfTeX

(/usr/share/texlive/texmf-dist/tex/generic/oberdiek/infwarerr.sty
Package: infwarerr 2010/04/08 v1.3 Providing info/warning/error messages (HO)
)
(/usr/share/texlive/texmf-dist/tex/generic/oberdiek/ltxcmds.sty
Package: ltxcmds 2011/11/09 v1.22 LaTeX kernel commands for general use (HO)
)
\Gread@gobject=\count109
)
Package xcolor Info: Model `cmy' substituted by `cmy0' on input line 1337.
Package xcolor Info: Model `hsb' substituted by `rgb' on input line 1341.
Package xcolor Info: Model `RGB' extended on input line 1353.
Package xcolor Info: Model `HTML' substituted by `rgb' on input line 1355.
Package xcolor Info: Model `Hsb' substituted by `hsb' on input line 1356.
Package xcolor Info: Model `tHsb' substituted by `hsb' on input line 1357.
Package xcolor Info: Model `HSB' substituted by `hsb' on input line 1358.
Package xcolor Info: Model `Gray' substituted by `gray' on input line 1359.
Package xcolor Info: Model `wave' substituted by `hsb' on input line 1360.
)
(/usr/share/texlive/texmf-dist/tex/latex/stmaryrd/stmaryrd.sty
Package: stmaryrd 1994/03/03 St Mary's Road symbol package
\symstmry=\mathgroup9
LaTeX Font Info:    Overwriting symbol font `stmry' in version `bold'
(Font)                  U/stmry/m/n --> U/stmry/b/n on input line 89.
)
(/usr/share/texlive/texmf-dist/tex/latex/tools/longtable.sty
Package: longtable 2014/10/28 v4.11 Multi-page Table package (DPC)
\LTleft=\skip52
\LTright=\skip53
\LTpre=\skip54
\LTpost=\skip55
\LTchunksize=\count110
\LTcapwidth=\dimen121
\LT@head=\box30
\LT@firsthead=\box31
\LT@foot=\box32
\LT@lastfoot=\box33
\LT@cols=\count111
\LT@rows=\count112
\c@LT@tables=\count113
\c@LT@chunks=\count114
\LT@p@ftn=\toks23
)
(/usr/share/texlive/texmf-dist/tex/latex/booktabs/booktabs.sty
Package: booktabs 2005/04/14 v1.61803 publication quality tables
\heavyrulewidth=\dimen122
\lightrulewidth=\dimen123
\cmidrulewidth=\dimen124
\belowrulesep=\dimen125
\belowbottomsep=\dimen126
\aboverulesep=\dimen127
\abovetopsep=\dimen128
\cmidrulesep=\dimen129
\cmidrulekern=\dimen130
\defaultaddspace=\dimen131
\@cmidla=\count115
\@cmidlb=\count116
\@aboverulesep=\dimen132
\@belowrulesep=\dimen133
\@thisruleclass=\count117
\@lastruleclass=\count118
\@thisrulewidth=\dimen134
)
(/usr/share/texlive/texmf-dist/tex/latex/tools/array.sty
Package: array 2014/10/28 v2.4c Tabular extension package (FMi)
\col@sep=\dimen135
\extrarowheight=\dimen136
\NC@list=\toks24
\extratabsurround=\skip56
\backup@length=\skip57
)
(/usr/share/texlive/texmf-dist/tex/latex/tools/indentfirst.sty
Package: indentfirst 1995/11/23 v1.03 Indent first paragraph (DPC)
)
(/usr/share/texlive/texmf-dist/tex/latex/geometry/geometry.sty
Package: geometry 2010/09/12 v5.6 Page Geometry

(/usr/share/texlive/texmf-dist/tex/generic/oberdiek/ifpdf.sty
Package: ifpdf 2011/01/30 v2.3 Provides the ifpdf switch (HO)
Package ifpdf Info: pdfTeX in PDF mode is detected.
)
(/usr/share/texlive/texmf-dist/tex/generic/oberdiek/ifvtex.sty
Package: ifvtex 2010/03/01 v1.5 Detect VTeX and its facilities (HO)
Package ifvtex Info: VTeX not detected.
)
(/usr/share/texlive/texmf-dist/tex/generic/ifxetex/ifxetex.sty
Package: ifxetex 2010/09/12 v0.6 Provides ifxetex conditional
)
\Gm@cnth=\count119
\Gm@cntv=\count120
\c@Gm@tempcnt=\count121
\Gm@bindingoffset=\dimen137
\Gm@wd@mp=\dimen138
\Gm@odd@mp=\dimen139
\Gm@even@mp=\dimen140
\Gm@layoutwidth=\dimen141
\Gm@layoutheight=\dimen142
\Gm@layouthoffset=\dimen143
\Gm@layoutvoffset=\dimen144
\Gm@dimlist=\toks25
)
(/usr/share/texlive/texmf-dist/tex/latex/hyperref/hyperref.sty
Package: hyperref 2012/11/06 v6.83m Hypertext links for LaTeX

(/usr/share/texlive/texmf-dist/tex/generic/oberdiek/hobsub-hyperref.sty
Package: hobsub-hyperref 2012/05/28 v1.13 Bundle oberdiek, subset hyperref (HO)


(/usr/share/texlive/texmf-dist/tex/generic/oberdiek/hobsub-generic.sty
Package: hobsub-generic 2012/05/28 v1.13 Bundle oberdiek, subset generic (HO)
Package: hobsub 2012/05/28 v1.13 Construct package bundles (HO)
Package hobsub Info: Skipping package `infwarerr' (already loaded).
Package hobsub Info: Skipping package `ltxcmds' (already loaded).
Package: ifluatex 2010/03/01 v1.3 Provides the ifluatex switch (HO)
Package ifluatex Info: LuaTeX not detected.
Package hobsub Info: Skipping package `ifvtex' (already loaded).
Package: intcalc 2007/09/27 v1.1 Expandable calculations with integers (HO)
Package hobsub Info: Skipping package `ifpdf' (already loaded).
Package: etexcmds 2011/02/16 v1.5 Avoid name clashes with e-TeX commands (HO)
Package etexcmds Info: Could not find \expanded.
(etexcmds)             That can mean that you are not using pdfTeX 1.50 or
(etexcmds)             that some package has redefined \expanded.
(etexcmds)             In the latter case, load this package earlier.
Package: kvsetkeys 2012/04/25 v1.16 Key value parser (HO)
Package: kvdefinekeys 2011/04/07 v1.3 Define keys (HO)
Package: pdftexcmds 2011/11/29 v0.20 Utility functions of pdfTeX for LuaTeX (HO
)
Package pdftexcmds Info: LuaTeX not detected.
Package pdftexcmds Info: \pdf@primitive is available.
Package pdftexcmds Info: \pdf@ifprimitive is available.
Package pdftexcmds Info: \pdfdraftmode found.
Package: pdfescape 2011/11/25 v1.13 Implements pdfTeX's escape features (HO)
Package: bigintcalc 2012/04/08 v1.3 Expandable calculations on big integers (HO
)
Package: bitset 2011/01/30 v1.1 Handle bit-vector datatype (HO)
Package: uniquecounter 2011/01/30 v1.2 Provide unlimited unique counter (HO)
)
Package hobsub Info: Skipping package `hobsub' (already loaded).
Package: letltxmacro 2010/09/02 v1.4 Let assignment for LaTeX macros (HO)
Package: hopatch 2012/05/28 v1.2 Wrapper for package hooks (HO)
Package: xcolor-patch 2011/01/30 xcolor patch
Package: atveryend 2011/06/30 v1.8 Hooks at the very end of document (HO)
Package atveryend Info: \enddocument detected (standard20110627).
Package: atbegshi 2011/10/05 v1.16 At begin shipout hook (HO)
Package: refcount 2011/10/16 v3.4 Data extraction from label references (HO)
Package: hycolor 2011/01/30 v1.7 Color options for hyperref/bookmark (HO)
)
(/usr/share/texlive/texmf-dist/tex/latex/oberdiek/auxhook.sty
Package: auxhook 2011/03/04 v1.3 Hooks for auxiliary files (HO)
)
(/usr/share/texlive/texmf-dist/tex/latex/oberdiek/kvoptions.sty
Package: kvoptions 2011/06/30 v3.11 Key value format for package options (HO)
)
\@linkdim=\dimen145
\Hy@linkcounter=\count122
\Hy@pagecounter=\count123

(/usr/share/texlive/texmf-dist/tex/latex/hyperref/pd1enc.def
File: pd1enc.def 2012/11/06 v6.83m Hyperref: PDFDocEncoding definition (HO)
)
\Hy@SavedSpaceFactor=\count124

(/usr/share/texlive/texmf-dist/tex/latex/latexconfig/hyperref.cfg
File: hyperref.cfg 2002/06/06 v1.2 hyperref configuration of TeXLive
)
Package hyperref Info: Hyper figures OFF on input line 4443.
Package hyperref Info: Link nesting OFF on input line 4448.
Package hyperref Info: Hyper index ON on input line 4451.
Package hyperref Info: Plain pages OFF on input line 4458.
Package hyperref Info: Backreferencing OFF on input line 4463.
Package hyperref Info: Implicit mode ON; LaTeX internals redefined.
Package hyperref Info: Bookmarks ON on input line 4688.
\c@Hy@tempcnt=\count125

(/usr/share/texlive/texmf-dist/tex/latex/url/url.sty
\Urlmuskip=\muskip11
Package: url 2013/09/16  ver 3.4  Verb mode for urls, etc.
)
LaTeX Info: Redefining \url on input line 5041.
\XeTeXLinkMargin=\dimen146
\Fld@menulength=\count126
\Field@Width=\dimen147
\Fld@charsize=\dimen148
Package hyperref Info: Hyper figures OFF on input line 6295.
Package hyperref Info: Link nesting OFF on input line 6300.
Package hyperref Info: Hyper index ON on input line 6303.
Package hyperref Info: backreferencing OFF on input line 6310.
Package hyperref Info: Link coloring OFF on input line 6315.
Package hyperref Info: Link coloring with OCG OFF on input line 6320.
Package hyperref Info: PDF/A mode OFF on input line 6325.
LaTeX Info: Redefining \ref on input line 6365.
LaTeX Info: Redefining \pageref on input line 6369.
\Hy@abspage=\count127
\c@Item=\count128
\c@Hfootnote=\count129
)

Package hyperref Message: Driver (autodetected): hpdftex.

(/usr/share/texlive/texmf-dist/tex/latex/hyperref/hpdftex.def
File: hpdftex.def 2012/11/06 v6.83m Hyperref driver for pdfTeX
\Fld@listcount=\count130
\c@bookmark@seq@number=\count131

(/usr/share/texlive/texmf-dist/tex/latex/oberdiek/rerunfilecheck.sty
Package: rerunfilecheck 2011/04/15 v1.7 Rerun checks for auxiliary files (HO)
Package uniquecounter Info: New unique counter `rerunfilecheck' on input line 2
82.
)
\Hy@SectionHShift=\skip58
)
(./Rapport Compression.aux)
\openout1 = `"Rapport Compression.aux"'.

LaTeX Font Info:    Checking defaults for OML/cmm/m/it on input line 28.
LaTeX Font Info:    ... okay on input line 28.
LaTeX Font Info:    Checking defaults for T1/cmr/m/n on input line 28.
LaTeX Font Info:    ... okay on input line 28.
LaTeX Font Info:    Checking defaults for OT1/cmr/m/n on input line 28.
LaTeX Font Info:    ... okay on input line 28.
LaTeX Font Info:    Checking defaults for OMS/cmsy/m/n on input line 28.
LaTeX Font Info:    ... okay on input line 28.
LaTeX Font Info:    Checking defaults for OMX/cmex/m/n on input line 28.
LaTeX Font Info:    ... okay on input line 28.
LaTeX Font Info:    Checking defaults for U/cmr/m/n on input line 28.
LaTeX Font Info:    ... okay on input line 28.
LaTeX Font Info:    Checking defaults for PD1/pdf/m/n on input line 28.
LaTeX Font Info:    ... okay on input line 28.

(/usr/share/texlive/texmf-dist/tex/latex/graphics/graphicx.sty
Package: graphicx 2014/10/28 v1.0g Enhanced LaTeX Graphics (DPC,SPQR)

(/usr/share/texlive/texmf-dist/tex/latex/graphics/graphics.sty
Package: graphics 2016/01/03 v1.0q Standard LaTeX Graphics (DPC,SPQR)

(/usr/share/texlive/texmf-dist/tex/latex/graphics/trig.sty
Package: trig 2016/01/03 v1.10 sin cos tan (DPC)
)
(/usr/share/texlive/texmf-dist/tex/latex/latexconfig/graphics.cfg
File: graphics.cfg 2010/04/23 v1.9 graphics configuration of TeX Live
)
Package graphics Info: Driver file: pdftex.def on input line 95.
)
(/usr/share/texlive/texmf-dist/tex/latex/oberdiek/epstopdf-base.sty
Package: epstopdf-base 2010/02/09 v2.5 Base part for package epstopdf

(/usr/share/texlive/texmf-dist/tex/latex/oberdiek/grfext.sty
Package: grfext 2010/08/19 v1.1 Manage graphics extensions (HO)
)
Package grfext Info: Graphics extension search list:
(grfext)             [.png,.pdf,.jpg,.mps,.jpeg,.jbig2,.jb2,.PNG,.PDF,.JPG,.JPE
G,.JBIG2,.JB2,.eps]
(grfext)             \AppendGraphicsExtensions on input line 452.

(/usr/share/texlive/texmf-dist/tex/latex/latexconfig/epstopdf-sys.cfg
File: epstopdf-sys.cfg 2010/07/13 v1.3 Configuration of (r)epstopdf for TeX Liv
e
))
\Gin@req@height=\dimen149
\Gin@req@width=\dimen150
)
(/usr/share/texlive/texmf-dist/tex/context/base/supp-pdf.mkii
[Loading MPS to PDF converter (version 2006.09.02).]
\scratchcounter=\count132
\scratchdimen=\dimen151
\scratchbox=\box34
\nofMPsegments=\count133
\nofMParguments=\count134
\everyMPshowfont=\toks26
\MPscratchCnt=\count135
\MPscratchDim=\dimen152
\MPnumerator=\count136
\makeMPintoPDFobject=\count137
\everyMPtoPDFconversion=\toks27
)
*geometry* driver: auto-detecting
*geometry* detected driver: pdftex
*geometry* verbose mode - [ preamble ] result:
* driver: pdftex
* paper: <default>
* layout: <same size as paper>
* layoutoffset:(h,v)=(0.0pt,0.0pt)
* modes: 
* h-part:(L,W,R)=(56.9055pt, 500.484pt, 56.9055pt)
* v-part:(T,H,B)=(56.9055pt, 681.15898pt, 56.9055pt)
* \paperwidth=614.295pt
* \paperheight=794.96999pt
* \textwidth=500.484pt
* \textheight=681.15898pt
* \oddsidemargin=-15.36449pt
* \evensidemargin=-15.36449pt
* \topmargin=-52.36449pt
* \headheight=12.0pt
* \headsep=25.0pt
* \topskip=10.0pt
* \footskip=30.0pt
* \marginparwidth=65.0pt
* \marginparsep=11.0pt
* \columnsep=10.0pt
* \skip\footins=9.0pt plus 4.0pt minus 2.0pt
* \hoffset=0.0pt
* \voffset=0.0pt
* \mag=1000
* \@twocolumnfalse
* \@twosidefalse
* \@mparswitchfalse
* \@reversemarginfalse
* (1in=72.27pt=25.4mm, 1cm=28.453pt)

\AtBeginShipoutBox=\box35
Package hyperref Info: Link coloring OFF on input line 28.
(/usr/share/texlive/texmf-dist/tex/latex/hyperref/nameref.sty
Package: nameref 2012/10/27 v2.43 Cross-referencing by name of section

(/usr/share/texlive/texmf-dist/tex/generic/oberdiek/gettitlestring.sty
Package: gettitlestring 2010/12/03 v1.4 Cleanup title references (HO)
)
\c@section@level=\count138
)
LaTeX Info: Redefining \ref on input line 28.
LaTeX Info: Redefining \pageref on input line 28.
LaTeX Info: Redefining \nameref on input line 28.

(./Rapport Compression.out) (./Rapport Compression.out)
\@outlinefile=\write3
\openout3 = `"Rapport Compression.out"'.

LaTeX Font Info:    Try loading font information for U+msa on input line 33.

(/usr/share/texlive/texmf-dist/tex/latex/amsfonts/umsa.fd
File: umsa.fd 2013/01/14 v3.01 AMS symbols A
)
LaTeX Font Info:    Try loading font information for U+msb on input line 33.

(/usr/share/texlive/texmf-dist/tex/latex/amsfonts/umsb.fd
File: umsb.fd 2013/01/14 v3.01 AMS symbols B
)
LaTeX Font Info:    Try loading font information for U+stmry on input line 33.

(/usr/share/texlive/texmf-dist/tex/latex/stmaryrd/Ustmry.fd)
Underfull \hbox (badness 10000) in paragraph at lines 33--34

 []

[1

{/var/lib/texmf/fonts/map/pdftex/updmap/pdftex.map}]
(./Rapport Compression.toc)
\tf@toc=\write4
\openout4 = `"Rapport Compression.toc"'.

 [2]
Missing character: There is no Ã in font cmr10!
Missing character: There is no   in font cmr10!
Missing character: There is no Ã in font cmr10!
Missing character: There is no ¨ in font cmr10!
Missing character: There is no Ã in font cmr10!
Missing character: There is no   in font cmr10!
Missing character: There is no Ã in font cmr10!
Missing character: There is no   in font cmr10!
Missing character: There is no Ã in font cmr10!
Missing character: There is no   in font cmr10!
Missing character: There is no Ã in font cmr10!
Missing character: There is no   in font cmr10!
 [3]
Underfull \hbox (badness 10000) in paragraph at lines 164--166

 []

<HSMI/step1.png, id=174, 468.75125pt x 59.22125pt>
File: HSMI/step1.png Graphic file (type png)
 <use HSMI/step1.png>
Package pdftex.def Info: HSMI/step1.png used on input line 167.
(pdftex.def)             Requested size: 140.62645pt x 17.7665pt.

<HSMI/step2.png, id=176, 420.57124pt x 175.65625pt>
File: HSMI/step2.png Graphic file (type png)
 <use HSMI/step2.png>
Package pdftex.def Info: HSMI/step2.png used on input line 171.
(pdftex.def)             Requested size: 126.17235pt x 52.69727pt.

[4] <HSMI/step3.png, id=186, 396.48125pt x 292.09125pt>
File: HSMI/step3.png Graphic file (type png)
 <use HSMI/step3.png>
Package pdftex.def Info: HSMI/step3.png used on input line 175.
(pdftex.def)             Requested size: 118.94528pt x 87.62804pt.

<HSMI/step4.png, id=187, 290.08376pt x 292.09125pt>
File: HSMI/step4.png Graphic file (type png)
 <use HSMI/step4.png>
Package pdftex.def Info: HSMI/step4.png used on input line 179.
(pdftex.def)             Requested size: 87.02579pt x 87.62804pt.

<HSMI/step5.png, id=188, 227.85126pt x 408.52625pt>
File: HSMI/step5.png Graphic file (type png)
 <use HSMI/step5.png>
Package pdftex.def Info: HSMI/step5.png used on input line 183.
(pdftex.def)             Requested size: 68.3559pt x 122.55882pt.

<HSMI/step6.png, id=189, 274.02374pt x 408.52625pt>
File: HSMI/step6.png Graphic file (type png)
 <use HSMI/step6.png>
Package pdftex.def Info: HSMI/step6.png used on input line 187.
(pdftex.def)             Requested size: 82.20775pt x 122.55882pt.

<HSMI/step7.png, id=190, 274.02374pt x 524.96124pt>
File: HSMI/step7.png Graphic file (type png)
 <use HSMI/step7.png>
Package pdftex.def Info: HSMI/step7.png used on input line 193.
(pdftex.def)             Requested size: 109.60754pt x 209.98077pt.

[5 <./HSMI/step1.png> <./HSMI/step2.png> <./HSMI/step3.png> <./HSMI/step4.png> 
<./HSMI/step5.png> <./HSMI/step6.png>]
Underfull \hbox (badness 10000) in paragraph at lines 197--200

 []


Underfull \hbox (badness 10000) in paragraph at lines 217--219

 []

[6 <./HSMI/step7.png>]
Underfull \hbox (badness 10000) in paragraph at lines 236--237

 []

<HDMI/exempleArbreHuff.png, id=216, 231.86626pt x 408.52625pt>
File: HDMI/exempleArbreHuff.png Graphic file (type png)

<use HDMI/exempleArbreHuff.png>
Package pdftex.def Info: HDMI/exempleArbreHuff.png used on input line 240.
(pdftex.def)             Requested size: 69.56041pt x 122.55882pt.

Underfull \hbox (badness 10000) in paragraph at lines 251--253

 []


Underfull \hbox (badness 10000) in paragraph at lines 256--258

 []

<HDMI/AjoutAbrac.png, id=217, 639.38875pt x 519.9425pt>
File: HDMI/AjoutAbrac.png Graphic file (type png)

<use HDMI/AjoutAbrac.png>
Package pdftex.def Info: HDMI/AjoutAbrac.png used on input line 270.
(pdftex.def)             Requested size: 191.8181pt x 155.98395pt.
 [7 <./HDMI/exempleArbreHuff.png>]
Underfull \hbox (badness 10000) in paragraph at lines 275--277

 []


Underfull \hbox (badness 10000) in paragraph at lines 280--282

 []

<HDMI/ReeqC.png, id=233, 1209.51875pt x 524.96124pt>
File: HDMI/ReeqC.png Graphic file (type png)
 <use HDMI/ReeqC.png>
Package pdftex.def Info: HDMI/ReeqC.png used on input line 295.
(pdftex.def)             Requested size: 362.85843pt x 157.48958pt.

[8 <./HDMI/AjoutAbrac.png> <./HDMI/ReeqC.png>] [9]
<HDMI/exinit.png, id=251, 83.31125pt x 59.22125pt>
File: HDMI/exinit.png Graphic file (type png)
 <use HDMI/exinit.png>
Package pdftex.def Info: HDMI/exinit.png used on input line 354.
(pdftex.def)             Requested size: 24.99356pt x 17.7665pt.

<HDMI/ex01.png, id=252, 183.68625pt x 175.65625pt>
File: HDMI/ex01.png Graphic file (type png)
 <use HDMI/ex01.png>
Package pdftex.def Info: HDMI/ex01.png used on input line 356.
(pdftex.def)             Requested size: 55.1063pt x 52.69727pt.

<HDMI/ex02.png, id=253, 233.87375pt x 292.09125pt>
File: HDMI/ex02.png Graphic file (type png)
 <use HDMI/ex02.png>
Package pdftex.def Info: HDMI/ex02.png used on input line 358.
(pdftex.def)             Requested size: 70.16266pt x 87.62804pt.

<HDMI/ex03.png, id=254, 231.86626pt x 408.52625pt>
File: HDMI/ex03.png Graphic file (type png)
 <use HDMI/ex03.png>
Package pdftex.def Info: HDMI/ex03.png used on input line 360.
(pdftex.def)             Requested size: 69.56041pt x 122.55882pt.

<HDMI/ex04.png, id=255, 231.86626pt x 408.52625pt>
File: HDMI/ex04.png Graphic file (type png)
 <use HDMI/ex04.png>
Package pdftex.def Info: HDMI/ex04.png used on input line 362.
(pdftex.def)             Requested size: 69.56041pt x 122.55882pt.

<HDMI/ex05.png, id=256, 282.05376pt x 524.96124pt>
File: HDMI/ex05.png Graphic file (type png)
 <use HDMI/ex05.png>
Package pdftex.def Info: HDMI/ex05.png used on input line 364.
(pdftex.def)             Requested size: 84.61678pt x 157.48958pt.

<HDMI/ex06.png, id=257, 282.05376pt x 524.96124pt>
File: HDMI/ex06.png Graphic file (type png)
 <use HDMI/ex06.png>
Package pdftex.def Info: HDMI/ex06.png used on input line 366.
(pdftex.def)             Requested size: 84.61678pt x 157.48958pt.

<HDMI/ex07.png, id=258, 431.6125pt x 524.96124pt>
File: HDMI/ex07.png Graphic file (type png)
 <use HDMI/ex07.png>
Package pdftex.def Info: HDMI/ex07.png used on input line 368.
(pdftex.def)             Requested size: 129.48474pt x 157.48958pt.

<HDMI/ex08.png, id=259, 431.6125pt x 524.96124pt>
File: HDMI/ex08.png Graphic file (type png)
 <use HDMI/ex08.png>
Package pdftex.def Info: HDMI/ex08.png used on input line 370.
(pdftex.def)             Requested size: 129.48474pt x 157.48958pt.

<HDMI/ex09.png, id=260, 431.6125pt x 524.96124pt>
File: HDMI/ex09.png Graphic file (type png)
 <use HDMI/ex09.png>
Package pdftex.def Info: HDMI/ex09.png used on input line 372.
(pdftex.def)             Requested size: 129.48474pt x 157.48958pt.

<HDMI/ex10.png, id=261, 431.6125pt x 524.96124pt>
File: HDMI/ex10.png Graphic file (type png)
 <use HDMI/ex10.png>
Package pdftex.def Info: HDMI/ex10.png used on input line 374.
(pdftex.def)             Requested size: 129.48474pt x 157.48958pt.

<HDMI/ex11.png, id=262, 431.6125pt x 524.96124pt>
File: HDMI/ex11.png Graphic file (type png)
 <use HDMI/ex11.png>
Package pdftex.def Info: HDMI/ex11.png used on input line 376.
(pdftex.def)             Requested size: 129.48474pt x 157.48958pt.

Underfull \vbox (badness 10000) detected at line 381
 []

[10 <./HDMI/exinit.png> <./HDMI/ex01.png> <./HDMI/ex02.png> <./HDMI/ex03.png> <
./HDMI/ex04.png> <./HDMI/ex05.png>] [11 <./HDMI/ex06.png> <./HDMI/ex07.png> <./
HDMI/ex08.png> <./HDMI/ex09.png>]
Package hyperref Info: bookmark level for unknown algorithm defaults to 0 on in
put line 397.
 [12 <./HDMI/ex10.png> <./HDMI/ex11.png>]
[13] [14]
Underfull \hbox (badness 10000) in paragraph at lines 511--515

 []

[15] <Perf/txt/encodecomptxt2.png, id=383, 481.8pt x 361.35pt>
File: Perf/txt/encodecomptxt2.png Graphic file (type png)

<use Perf/txt/encodecomptxt2.png>
Package pdftex.def Info: Perf/txt/encodecomptxt2.png used on input line 544.
(pdftex.def)             Requested size: 240.8994pt x 180.67456pt.

<Perf/txt/decodecomptxt2.png, id=384, 481.8pt x 361.35pt>
File: Perf/txt/decodecomptxt2.png Graphic file (type png)

<use Perf/txt/decodecomptxt2.png>
Package pdftex.def Info: Perf/txt/decodecomptxt2.png used on input line 545.
(pdftex.def)             Requested size: 240.8994pt x 180.67456pt.

<Perf/img/encodecompimg2.png, id=385, 481.8pt x 361.35pt>
File: Perf/img/encodecompimg2.png Graphic file (type png)

<use Perf/img/encodecompimg2.png>
Package pdftex.def Info: Perf/img/encodecompimg2.png used on input line 550.
(pdftex.def)             Requested size: 240.8994pt x 180.67456pt.

<Perf/img/decodecompimg2.png, id=386, 481.8pt x 361.35pt>
File: Perf/img/decodecompimg2.png Graphic file (type png)

<use Perf/img/decodecompimg2.png>
Package pdftex.def Info: Perf/img/decodecompimg2.png used on input line 551.
(pdftex.def)             Requested size: 240.8994pt x 180.67456pt.

<Perf/audio/encodecompaudio2.png, id=387, 481.8pt x 361.35pt>
File: Perf/audio/encodecompaudio2.png Graphic file (type png)

<use Perf/audio/encodecompaudio2.png>
Package pdftex.def Info: Perf/audio/encodecompaudio2.png used on input line 556
.
(pdftex.def)             Requested size: 240.8994pt x 180.67456pt.

<Perf/audio/decodecompaudio2.png, id=388, 481.8pt x 361.35pt>
File: Perf/audio/decodecompaudio2.png Graphic file (type png)

<use Perf/audio/decodecompaudio2.png>
Package pdftex.def Info: Perf/audio/decodecompaudio2.png used on input line 557
.
(pdftex.def)             Requested size: 240.8994pt x 180.67456pt.
 [16 <./Perf/txt/encodecomptxt2.png> <./Perf/txt/decodecomptxt2.png> <./Perf/im
g/encodecompimg2.png> <./Perf/img/decodecompimg2.png>] <Perf/compTxCompress.png
, id=397, 903.375pt x 752.8125pt>
File: Perf/compTxCompress.png Graphic file (type png)

<use Perf/compTxCompress.png>
Package pdftex.def Info: Perf/compTxCompress.png used on input line 594.
(pdftex.def)             Requested size: 316.18599pt x 263.48831pt.
 [17 <./Perf/audio/encodecompaudio2.png> <./Perf/audio/decodecompaudio2.png>] [
18 <./Perf/compTxCompress.png>]
Package atveryend Info: Empty hook `BeforeClearDocument' on input line 630.
 [19]
Package atveryend Info: Empty hook `AfterLastShipout' on input line 630.

(./Rapport Compression.aux)
Package atveryend Info: Executing hook `AtVeryEndDocument' on input line 630.
Package atveryend Info: Executing hook `AtEndAfterFileList' on input line 630.
Package rerunfilecheck Info: File `"Rapport Compression".out' has not changed.
(rerunfilecheck)             Checksum: 2E3FE7466CA81F7D8AE639F2BD888991;1903.
Package atveryend Info: Empty hook `AtVeryVeryEnd' on input line 630.
 ) 
Here is how much of TeX's memory you used:
 8406 strings out of 494883
 120222 string characters out of 6178693
 220611 words of memory out of 5000000
 11385 multiletter control sequences out of 15000+600000
 16884 words of font info for 65 fonts, out of 8000000 for 9000
 36 hyphenation exceptions out of 8191
 40i,11n,35p,891b,666s stack positions out of 5000i,500n,10000p,200000b,80000s
</usr/share/texlive/texmf-dist/fonts/type1/public/amsfonts/cm/cmbx10.pfb></us
r/share/texlive/texmf-dist/fonts/type1/public/amsfonts/cm/cmbx12.pfb></usr/shar
e/texlive/texmf-dist/fonts/type1/public/amsfonts/cm/cmex10.pfb></usr/share/texl
ive/texmf-dist/fonts/type1/public/amsfonts/cm/cmmi10.pfb></usr/share/texlive/te
xmf-dist/fonts/type1/public/amsfonts/cm/cmmi7.pfb></usr/share/texlive/texmf-dis
t/fonts/type1/public/amsfonts/cm/cmr10.pfb></usr/share/texlive/texmf-dist/fonts
/type1/public/amsfonts/cm/cmr12.pfb></usr/share/texlive/texmf-dist/fonts/type1/
public/amsfonts/cm/cmr17.pfb></usr/share/texlive/texmf-dist/fonts/type1/public/
amsfonts/cm/cmr7.pfb></usr/share/texlive/texmf-dist/fonts/type1/public/amsfonts
/cm/cmsy10.pfb></usr/share/texlive/texmf-dist/fonts/type1/public/amsfonts/cm/cm
sy7.pfb></usr/share/texlive/texmf-dist/fonts/type1/public/amsfonts/cm/cmtt10.pf
b></usr/share/texlive/texmf-dist/fonts/type1/public/amsfonts/symbols/msam10.pfb
></usr/share/texlive/texmf-dist/fonts/type1/public/amsfonts/symbols/msbm10.pfb>
</usr/share/texlive/texmf-dist/fonts/type1/public/stmaryrd/stmary10.pfb></usr/s
hare/texlive/texmf-dist/fonts/type1/public/stmaryrd/stmary7.pfb>
Output written on "Rapport Compression.pdf" (19 pages, 981686 bytes).
PDF statistics:
 516 PDF objects out of 1000 (max. 8388607)
 416 compressed objects within 5 object streams
 163 named destinations out of 1000 (max. 500000)
 370 words of extra memory for PDF output out of 10000 (max. 10000000)

